<?xml version="1.0" encoding="UTF-8"?>
<testsuite xmlns:xsi="http://www.w3.org/2001/XMLSchema-instance" xsi:noNamespaceSchemaLocation="https://maven.apache.org/surefire/maven-surefire-plugin/xsd/surefire-test-report.xsd" name="tournamentmanager.core.TestParticipantImpl" time="0.002" tests="2" errors="0" skipped="0" failures="0">
  <properties>
    <property name="awt.toolkit" value="sun.awt.X11.XToolkit"/>
    <property name="java.specification.version" value="11"/>
    <property name="sun.cpu.isalist" value=""/>
    <property name="sun.jnu.encoding" value="UTF-8"/>
    <property name="java.class.path" value="/comptes/E22B257J/Documents/M1/SoftwareTest/projet/tournamentmanager/target/test-classes:/comptes/E22B257J/Documents/M1/SoftwareTest/projet/tournamentmanager/target/classes:/comptes/E22B257J/.m2/repository/org/junit/jupiter/junit-jupiter/5.6.0/junit-jupiter-5.6.0.jar:/comptes/E22B257J/.m2/repository/org/junit/jupiter/junit-jupiter-api/5.6.0/junit-jupiter-api-5.6.0.jar:/comptes/E22B257J/.m2/repository/org/apiguardian/apiguardian-api/1.1.0/apiguardian-api-1.1.0.jar:/comptes/E22B257J/.m2/repository/org/opentest4j/opentest4j/1.2.0/opentest4j-1.2.0.jar:/comptes/E22B257J/.m2/repository/org/junit/platform/junit-platform-commons/1.6.0/junit-platform-commons-1.6.0.jar:/comptes/E22B257J/.m2/repository/org/junit/jupiter/junit-jupiter-params/5.6.0/junit-jupiter-params-5.6.0.jar:/comptes/E22B257J/.m2/repository/org/junit/jupiter/junit-jupiter-engine/5.6.0/junit-jupiter-engine-5.6.0.jar:/comptes/E22B257J/.m2/repository/org/junit/platform/junit-platform-engine/1.6.0/junit-platform-engine-1.6.0.jar:/comptes/E22B257J/.m2/repository/org/mockito/mockito-core/3.3.3/mockito-core-3.3.3.jar:/comptes/E22B257J/.m2/repository/net/bytebuddy/byte-buddy/1.10.5/byte-buddy-1.10.5.jar:/comptes/E22B257J/.m2/repository/net/bytebuddy/byte-buddy-agent/1.10.5/byte-buddy-agent-1.10.5.jar:/comptes/E22B257J/.m2/repository/org/objenesis/objenesis/2.6/objenesis-2.6.jar:"/>
    <property name="java.vm.vendor" value="Ubuntu"/>
    <property name="sun.arch.data.model" value="64"/>
    <property name="java.vendor.url" value="https://ubuntu.com/"/>
    <property name="user.timezone" value=""/>
    <property name="java.vm.specification.version" value="11"/>
    <property name="os.name" value="Linux"/>
    <property name="sun.java.launcher" value="SUN_STANDARD"/>
    <property name="user.country" value="FR"/>
    <property name="sun.boot.library.path" value="/usr/lib/jvm/java-11-openjdk-amd64/lib"/>
    <property name="sun.java.command" value="/comptes/E22B257J/Documents/M1/SoftwareTest/projet/tournamentmanager/target/surefire/surefirebooter14421021435258406594.jar /comptes/E22B257J/Documents/M1/SoftwareTest/projet/tournamentmanager/target/surefire 2022-12-09T17-46-14_801-jvmRun1 surefire14852125294769169022tmp surefire_012330510003084200418tmp"/>
    <property name="jdk.debug" value="release"/>
    <property name="surefire.test.class.path" value="/comptes/E22B257J/Documents/M1/SoftwareTest/projet/tournamentmanager/target/test-classes:/comptes/E22B257J/Documents/M1/SoftwareTest/projet/tournamentmanager/target/classes:/comptes/E22B257J/.m2/repository/org/junit/jupiter/junit-jupiter/5.6.0/junit-jupiter-5.6.0.jar:/comptes/E22B257J/.m2/repository/org/junit/jupiter/junit-jupiter-api/5.6.0/junit-jupiter-api-5.6.0.jar:/comptes/E22B257J/.m2/repository/org/apiguardian/apiguardian-api/1.1.0/apiguardian-api-1.1.0.jar:/comptes/E22B257J/.m2/repository/org/opentest4j/opentest4j/1.2.0/opentest4j-1.2.0.jar:/comptes/E22B257J/.m2/repository/org/junit/platform/junit-platform-commons/1.6.0/junit-platform-commons-1.6.0.jar:/comptes/E22B257J/.m2/repository/org/junit/jupiter/junit-jupiter-params/5.6.0/junit-jupiter-params-5.6.0.jar:/comptes/E22B257J/.m2/repository/org/junit/jupiter/junit-jupiter-engine/5.6.0/junit-jupiter-engine-5.6.0.jar:/comptes/E22B257J/.m2/repository/org/junit/platform/junit-platform-engine/1.6.0/junit-platform-engine-1.6.0.jar:/comptes/E22B257J/.m2/repository/org/mockito/mockito-core/3.3.3/mockito-core-3.3.3.jar:/comptes/E22B257J/.m2/repository/net/bytebuddy/byte-buddy/1.10.5/byte-buddy-1.10.5.jar:/comptes/E22B257J/.m2/repository/net/bytebuddy/byte-buddy-agent/1.10.5/byte-buddy-agent-1.10.5.jar:/comptes/E22B257J/.m2/repository/org/objenesis/objenesis/2.6/objenesis-2.6.jar:"/>
    <property name="sun.cpu.endian" value="little"/>
    <property name="user.home" value="/comptes/E22B257J"/>
    <property name="user.language" value="fr"/>
    <property name="java.specification.vendor" value="Oracle Corporation"/>
    <property name="java.version.date" value="2022-07-19"/>
    <property name="java.home" value="/usr/lib/jvm/java-11-openjdk-amd64"/>
    <property name="file.separator" value="/"/>
    <property name="basedir" value="/comptes/E22B257J/Documents/M1/SoftwareTest/projet/tournamentmanager"/>
    <property name="java.vm.compressedOopsMode" value="32-bit"/>
    <property name="line.separator" value="&#10;"/>
    <property name="java.specification.name" value="Java Platform API Specification"/>
    <property name="java.vm.specification.vendor" value="Oracle Corporation"/>
    <property name="java.awt.graphicsenv" value="sun.awt.X11GraphicsEnvironment"/>
    <property name="surefire.real.class.path" value="/comptes/E22B257J/Documents/M1/SoftwareTest/projet/tournamentmanager/target/surefire/surefirebooter14421021435258406594.jar"/>
    <property name="sun.management.compiler" value="HotSpot 64-Bit Tiered Compilers"/>
    <property name="java.runtime.version" value="11.0.16+8-post-Ubuntu-0ubuntu120.04"/>
    <property name="user.name" value="E22B257J"/>
    <property name="path.separator" value=":"/>
    <property name="os.version" value="5.8.0-63-generic"/>
    <property name="java.runtime.name" value="OpenJDK Runtime Environment"/>
    <property name="file.encoding" value="UTF-8"/>
    <property name="java.vm.name" value="OpenJDK 64-Bit Server VM"/>
    <property name="localRepository" value="/comptes/E22B257J/.m2/repository"/>
    <property name="java.vendor.url.bug" value="https://bugs.launchpad.net/ubuntu/+source/openjdk-lts"/>
    <property name="java.io.tmpdir" value="/tmp"/>
    <property name="java.version" value="11.0.16"/>
    <property name="user.dir" value="/comptes/E22B257J/Documents/M1/SoftwareTest/projet/tournamentmanager"/>
    <property name="os.arch" value="amd64"/>
    <property name="java.vm.specification.name" value="Java Virtual Machine Specification"/>
    <property name="java.awt.printerjob" value="sun.print.PSPrinterJob"/>
    <property name="sun.os.patch.level" value="unknown"/>
    <property name="java.library.path" value=":/usr/local/opt/Quartus/IntelFpgaQuartus21.1/quartus/extlibs32:/usr/local/opt/quartus18/modelsim_ase/lib32:/usr/local/opt/xenomai/lib:/usr/local/opt/Simplescreenrecorder/usr/lib:/usr/local/opt/Client_oracle:/usr/java/packages/lib:/usr/lib/x86_64-linux-gnu/jni:/lib/x86_64-linux-gnu:/usr/lib/x86_64-linux-gnu:/usr/lib/jni:/lib:/usr/lib"/>
    <property name="java.vm.info" value="mixed mode"/>
    <property name="java.vendor" value="Ubuntu"/>
    <property name="java.vm.version" value="11.0.16+8-post-Ubuntu-0ubuntu120.04"/>
    <property name="sun.io.unicode.encoding" value="UnicodeLittle"/>
    <property name="java.class.version" value="55.0"/>
  </properties>
  <testcase name="testEliminated1" classname="tournamentmanager.core.TestParticipantImpl" time="0"/>
  <testcase name="testEliminated2" classname="tournamentmanager.core.TestParticipantImpl" time="0"/>
</testsuite>